<?xml version="1.0" encoding="UTF-8"?>
<!-- Generated by org.testng.reporters.JUnitXMLReporter -->
<testsuite ignored="0" hostname="Alpha-7VTW322" failures="0" tests="4" name="Surefire test" time="0.069" errors="0" timestamp="2020-06-26T04:17:50 EDT">
  <testcase classname="com.qa.test.DemoTest" name="div" time="0.007"/>
  <testcase classname="com.qa.test.DemoTest" name="multi" time="0.0"/>
  <testcase classname="com.qa.test.DemoTest" name="sub" time="0.0"/>
  <testcase classname="com.qa.test.DemoTest" name="sum" time="0.0"/>
</testsuite> <!-- Surefire test -->
