<?xml version="1.0" encoding="UTF-8"?>
<!-- Generated by org.testng.reporters.JUnitXMLReporter -->
<testsuite ignored="0" hostname="Alpha-7VTW322" failures="0" tests="4" name="Default test" time="0.08" errors="0" timestamp="2020-06-29T11:22:01 EDT">
  <testcase classname="com.qa.test.DemoTest" name="div" time="0.014"/>
  <testcase classname="com.qa.test.DemoTest" name="multi" time="0.002"/>
  <testcase classname="com.qa.test.DemoTest" name="sub" time="0.001"/>
  <testcase classname="com.qa.test.DemoTest" name="sum" time="0.002"/>
</testsuite> <!-- Default test -->
